This file contains any messages produced by compilers while
running configure, to aid debugging if configure makes a mistake.

It was created by configure, which was
generated by GNU Autoconf 2.69.  Invocation command line was

  $ ./configure 

## --------- ##
## Platform. ##
## --------- ##

hostname = CATcymru-2
uname -m = i686
uname -r = 2.0.2(0.287/5/3)
uname -s = CYGWIN_NT-6.1
uname -v = 2015-05-08 17:03

/usr/bin/uname -p = unknown
/bin/uname -X     = unknown

/bin/arch              = i686
/usr/bin/arch -k       = unknown
/usr/convex/getsysinfo = unknown
/usr/bin/hostinfo      = unknown
/bin/machine           = unknown
/usr/bin/oslevel       = unknown
/bin/universe          = unknown

PATH: /usr/local/bin
PATH: /usr/bin
PATH: /cygdrive/c/ProgramData/Oracle/Java/javapath
PATH: /cygdrive/c/Python27
PATH: /cygdrive/c/windows/system32
PATH: /cygdrive/c/windows
PATH: /cygdrive/c/windows/System32/Wbem
PATH: /cygdrive/c/windows/System32/WindowsPowerShell/v1.0
PATH: /cygdrive/c/Program Files/Windows Kits/8.1/Windows Performance Toolkit
PATH: /cygdrive/c/Program Files/Microsoft SQL Server/110/Tools/Binn
PATH: /cygdrive/c/Program Files/Microsoft/Web Platform Installer
PATH: /cygdrive/c/Program Files/Microsoft SQL Server/Client SDK/ODBC/110/Tools/Binn
PATH: /cygdrive/c/Program Files/Microsoft SQL Server/120/Tools/Binn
PATH: /cygdrive/c/Program Files/Microsoft SQL Server/120/DTS/Binn
PATH: /cygdrive/c/Program Files/Microsoft SQL Server/120/Tools/Binn/ManagementStudio
PATH: /cygdrive/c/Program Files/Microsoft SDKs/TypeScript/1.0
PATH: /cygdrive/c/Program Files/Skype/Phone


## ----------- ##
## Core tests. ##
## ----------- ##

configure:1979: checking build system type
configure:1993: result: i686-pc-cygwin
configure:2013: checking host system type
configure:2026: result: i686-pc-cygwin
configure:2046: checking target system type
configure:2059: result: i686-pc-cygwin
configure:2134: checking for gcc
configure:2150: found /usr/bin/gcc
configure:2161: result: gcc
configure:2390: checking for C compiler version
configure:2399: gcc --version >&5
gcc (GCC) 4.9.2
Copyright (C) 2014 Free Software Foundation, Inc.
This is free software; see the source for copying conditions.  There is NO
warranty; not even for MERCHANTABILITY or FITNESS FOR A PARTICULAR PURPOSE.

configure:2410: $? = 0
configure:2399: gcc -v >&5
Using built-in specs.
COLLECT_GCC=gcc
COLLECT_LTO_WRAPPER=/usr/lib/gcc/i686-pc-cygwin/4.9.2/lto-wrapper.exe
Target: i686-pc-cygwin
Configured with: /cygdrive/i/szsz/tmpp/gcc/gcc-4.9.2-3.i686/src/gcc-4.9.2/configure --srcdir=/cygdrive/i/szsz/tmpp/gcc/gcc-4.9.2-3.i686/src/gcc-4.9.2 --prefix=/usr --exec-prefix=/usr --bindir=/usr/bin --sbindir=/usr/sbin --libexecdir=/usr/libexec --datadir=/usr/share --localstatedir=/var --sysconfdir=/etc --libdir=/usr/lib --datarootdir=/usr/share --docdir=/usr/share/doc/gcc --htmldir=/usr/share/doc/gcc/html -C --build=i686-pc-cygwin --host=i686-pc-cygwin --target=i686-pc-cygwin --without-libiconv-prefix --without-libintl-prefix --libexecdir=/usr/lib --enable-shared --enable-shared-libgcc --enable-static --enable-version-specific-runtime-libs --enable-bootstrap --enable-__cxa_atexit --with-dwarf2 --with-arch=i686 --with-tune=generic --disable-sjlj-exceptions --enable-languages=ada,c,c++,fortran,java,lto,objc,obj-c++ --enable-graphite --enable-threads=posix --enable-libatomic --enable-libgomp --disable-libitm --enable-libquadmath --enable-libquadmath-support --enable-libssp --enable-libada --enable-libjava --enable-libgcj-sublibs --disable-java-awt --disable-symvers --with-ecj-jar=/usr/share/java/ecj.jar --with-gnu-ld --with-gnu-as --with-cloog-include=/usr/include/cloog-isl --without-libiconv-prefix --without-libintl-prefix --with-system-zlib --enable-linker-build-id
Thread model: posix
gcc version 4.9.2 (GCC) 
configure:2410: $? = 0
configure:2399: gcc -V >&5
gcc: error: unrecognized command line option '-V'
gcc: fatal error: no input files
compilation terminated.
configure:2410: $? = 1
configure:2399: gcc -qversion >&5
gcc: error: unrecognized command line option '-qversion'
gcc: fatal error: no input files
compilation terminated.
configure:2410: $? = 1
configure:2430: checking whether the C compiler works
configure:2452: gcc    conftest.c  >&5
configure:2456: $? = 0
configure:2504: result: yes
configure:2507: checking for C compiler default output file name
configure:2509: result: a.exe
configure:2515: checking for suffix of executables
configure:2522: gcc -o conftest.exe    conftest.c  >&5
configure:2526: $? = 0
configure:2548: result: .exe
configure:2570: checking whether we are cross compiling
configure:2578: gcc -o conftest.exe    conftest.c  >&5
configure:2582: $? = 0
configure:2589: ./conftest.exe
configure:2593: $? = 0
configure:2608: result: no
configure:2613: checking for suffix of object files
configure:2635: gcc -c   conftest.c >&5
configure:2639: $? = 0
configure:2660: result: o
configure:2664: checking whether we are using the GNU C compiler
configure:2683: gcc -c   conftest.c >&5
configure:2683: $? = 0
configure:2692: result: yes
configure:2701: checking whether gcc accepts -g
configure:2721: gcc -c -g  conftest.c >&5
configure:2721: $? = 0
configure:2762: result: yes
configure:2779: checking for gcc option to accept ISO C89
configure:2842: gcc  -c -g -O2  conftest.c >&5
configure:2842: $? = 0
configure:2855: result: none needed
configure:2921: checking for ranlib
configure:2937: found /usr/bin/ranlib
configure:2948: result: ranlib
configure:3013: checking for ar
configure:3029: found /usr/bin/ar
configure:3040: result: ar
configure:3069: checking how to run the C preprocessor
configure:3100: gcc -E  conftest.c
configure:3100: $? = 0
configure:3114: gcc -E  conftest.c
conftest.c:9:28: fatal error: ac_nonexistent.h: No such file or directory
 #include <ac_nonexistent.h>
                            ^
compilation terminated.
configure:3114: $? = 1
configure: failed program was:
| /* confdefs.h */
| #define PACKAGE_NAME ""
| #define PACKAGE_TARNAME ""
| #define PACKAGE_VERSION ""
| #define PACKAGE_STRING ""
| #define PACKAGE_BUGREPORT ""
| #define PACKAGE_URL ""
| /* end confdefs.h.  */
| #include <ac_nonexistent.h>
configure:3139: result: gcc -E
configure:3159: gcc -E  conftest.c
configure:3159: $? = 0
configure:3173: gcc -E  conftest.c
conftest.c:9:28: fatal error: ac_nonexistent.h: No such file or directory
 #include <ac_nonexistent.h>
                            ^
compilation terminated.
configure:3173: $? = 1
configure: failed program was:
| /* confdefs.h */
| #define PACKAGE_NAME ""
| #define PACKAGE_TARNAME ""
| #define PACKAGE_VERSION ""
| #define PACKAGE_STRING ""
| #define PACKAGE_BUGREPORT ""
| #define PACKAGE_URL ""
| /* end confdefs.h.  */
| #include <ac_nonexistent.h>
configure:3202: checking for grep that handles long lines and -e
configure:3260: result: /usr/bin/grep
configure:3265: checking for egrep
configure:3327: result: /usr/bin/grep -E
configure:3332: checking for ANSI C header files
configure:3352: gcc -c -g -O2 -Wall  conftest.c >&5
configure:3352: $? = 0
configure:3425: gcc -o conftest.exe -g -O2 -Wall   conftest.c  >&5
configure:3425: $? = 0
configure:3425: ./conftest.exe
configure:3425: $? = 0
configure:3436: result: yes
configure:3449: checking for sys/types.h
configure:3449: gcc -c -g -O2 -Wall  conftest.c >&5
configure:3449: $? = 0
configure:3449: result: yes
configure:3449: checking for sys/stat.h
configure:3449: gcc -c -g -O2 -Wall  conftest.c >&5
configure:3449: $? = 0
configure:3449: result: yes
configure:3449: checking for stdlib.h
configure:3449: gcc -c -g -O2 -Wall  conftest.c >&5
configure:3449: $? = 0
configure:3449: result: yes
configure:3449: checking for string.h
configure:3449: gcc -c -g -O2 -Wall  conftest.c >&5
configure:3449: $? = 0
configure:3449: result: yes
configure:3449: checking for memory.h
configure:3449: gcc -c -g -O2 -Wall  conftest.c >&5
configure:3449: $? = 0
configure:3449: result: yes
configure:3449: checking for strings.h
configure:3449: gcc -c -g -O2 -Wall  conftest.c >&5
configure:3449: $? = 0
configure:3449: result: yes
configure:3449: checking for inttypes.h
configure:3449: gcc -c -g -O2 -Wall  conftest.c >&5
configure:3449: $? = 0
configure:3449: result: yes
configure:3449: checking for stdint.h
configure:3449: gcc -c -g -O2 -Wall  conftest.c >&5
configure:3449: $? = 0
configure:3449: result: yes
configure:3449: checking for unistd.h
configure:3449: gcc -c -g -O2 -Wall  conftest.c >&5
configure:3449: $? = 0
configure:3449: result: yes
configure:3461: checking whether byte ordering is bigendian
configure:3476: gcc -c -g -O2 -Wall  conftest.c >&5
conftest.c:20:9: error: unknown type name 'not'
         not a universal capable compiler
         ^
conftest.c:20:15: error: expected '=', ',', ';', 'asm' or '__attribute__' before 'universal'
         not a universal capable compiler
               ^
conftest.c:20:15: error: unknown type name 'universal'
configure:3476: $? = 1
configure: failed program was:
| /* confdefs.h */
| #define PACKAGE_NAME ""
| #define PACKAGE_TARNAME ""
| #define PACKAGE_VERSION ""
| #define PACKAGE_STRING ""
| #define PACKAGE_BUGREPORT ""
| #define PACKAGE_URL ""
| #define STDC_HEADERS 1
| #define HAVE_SYS_TYPES_H 1
| #define HAVE_SYS_STAT_H 1
| #define HAVE_STDLIB_H 1
| #define HAVE_STRING_H 1
| #define HAVE_MEMORY_H 1
| #define HAVE_STRINGS_H 1
| #define HAVE_INTTYPES_H 1
| #define HAVE_STDINT_H 1
| #define HAVE_UNISTD_H 1
| /* end confdefs.h.  */
| #ifndef __APPLE_CC__
| 	       not a universal capable compiler
| 	     #endif
| 	     typedef int dummy;
| 
configure:3521: gcc -c -g -O2 -Wall  conftest.c >&5
configure:3521: $? = 0
configure:3539: gcc -c -g -O2 -Wall  conftest.c >&5
conftest.c: In function 'main':
conftest.c:26:4: error: unknown type name 'not'
    not big endian
    ^
conftest.c:26:12: error: expected '=', ',', ';', 'asm' or '__attribute__' before 'endian'
    not big endian
            ^
configure:3539: $? = 1
configure: failed program was:
| /* confdefs.h */
| #define PACKAGE_NAME ""
| #define PACKAGE_TARNAME ""
| #define PACKAGE_VERSION ""
| #define PACKAGE_STRING ""
| #define PACKAGE_BUGREPORT ""
| #define PACKAGE_URL ""
| #define STDC_HEADERS 1
| #define HAVE_SYS_TYPES_H 1
| #define HAVE_SYS_STAT_H 1
| #define HAVE_STDLIB_H 1
| #define HAVE_STRING_H 1
| #define HAVE_MEMORY_H 1
| #define HAVE_STRINGS_H 1
| #define HAVE_INTTYPES_H 1
| #define HAVE_STDINT_H 1
| #define HAVE_UNISTD_H 1
| /* end confdefs.h.  */
| #include <sys/types.h>
| 		#include <sys/param.h>
| 
| int
| main ()
| {
| #if BYTE_ORDER != BIG_ENDIAN
| 		 not big endian
| 		#endif
| 
|   ;
|   return 0;
| }
configure:3667: result: no
configure:3686: checking for tputs in -lncurses
configure:3711: gcc -o conftest.exe -g -O2 -Wall   conftest.c -lncurses   >&5
/usr/lib/gcc/i686-pc-cygwin/4.9.2/../../../../i686-pc-cygwin/bin/ld: cannot find -lncurses
collect2: error: ld returned 1 exit status
configure:3711: $? = 1
configure: failed program was:
| /* confdefs.h */
| #define PACKAGE_NAME ""
| #define PACKAGE_TARNAME ""
| #define PACKAGE_VERSION ""
| #define PACKAGE_STRING ""
| #define PACKAGE_BUGREPORT ""
| #define PACKAGE_URL ""
| #define STDC_HEADERS 1
| #define HAVE_SYS_TYPES_H 1
| #define HAVE_SYS_STAT_H 1
| #define HAVE_STDLIB_H 1
| #define HAVE_STRING_H 1
| #define HAVE_MEMORY_H 1
| #define HAVE_STRINGS_H 1
| #define HAVE_INTTYPES_H 1
| #define HAVE_STDINT_H 1
| #define HAVE_UNISTD_H 1
| /* end confdefs.h.  */
| 
| /* Override any GCC internal prototype to avoid an error.
|    Use char because int might match the return type of a GCC
|    builtin and then its argument prototype would still apply.  */
| #ifdef __cplusplus
| extern "C"
| #endif
| char tputs ();
| int
| main ()
| {
| return tputs ();
|   ;
|   return 0;
| }
configure:3720: result: no
configure:3745: gcc -c -g -O2 -Wall  conftest.c >&5
conftest.c: In function 'main':
conftest.c:27:3: error: expected expression before ';' token
   ;
   ^
conftest.c:23:5: warning: unused variable 'j' [-Wunused-variable]
 int j=
     ^
configure:3745: $? = 1
configure: failed program was:
| /* confdefs.h */
| #define PACKAGE_NAME ""
| #define PACKAGE_TARNAME ""
| #define PACKAGE_VERSION ""
| #define PACKAGE_STRING ""
| #define PACKAGE_BUGREPORT ""
| #define PACKAGE_URL ""
| #define STDC_HEADERS 1
| #define HAVE_SYS_TYPES_H 1
| #define HAVE_SYS_STAT_H 1
| #define HAVE_STDLIB_H 1
| #define HAVE_STRING_H 1
| #define HAVE_MEMORY_H 1
| #define HAVE_STRINGS_H 1
| #define HAVE_INTTYPES_H 1
| #define HAVE_STDINT_H 1
| #define HAVE_UNISTD_H 1
| /* end confdefs.h.  */
| #include <stdio.h>
| int
| main ()
| {
| int j=
|                 #if __GNUC__ == 2 && __GNUC_MINOR__ == 95
|                 3;
|                 #endif
|   ;
|   return 0;
| }
configure:3763: gcc -c -g -O2 -Wall  conftest.c >&5
conftest.c: In function 'main':
conftest.c:27:3: error: expected expression before ';' token
   ;
   ^
conftest.c:23:5: warning: unused variable 'j' [-Wunused-variable]
 int j=
     ^
configure:3763: $? = 1
configure: failed program was:
| /* confdefs.h */
| #define PACKAGE_NAME ""
| #define PACKAGE_TARNAME ""
| #define PACKAGE_VERSION ""
| #define PACKAGE_STRING ""
| #define PACKAGE_BUGREPORT ""
| #define PACKAGE_URL ""
| #define STDC_HEADERS 1
| #define HAVE_SYS_TYPES_H 1
| #define HAVE_SYS_STAT_H 1
| #define HAVE_STDLIB_H 1
| #define HAVE_STRING_H 1
| #define HAVE_MEMORY_H 1
| #define HAVE_STRINGS_H 1
| #define HAVE_INTTYPES_H 1
| #define HAVE_STDINT_H 1
| #define HAVE_UNISTD_H 1
| /* end confdefs.h.  */
| #include <stdio.h>
| int
| main ()
| {
| int j=
|                 #if __GNUC__ == 3
|                 3;
|                 #endif
|   ;
|   return 0;
| }
configure:3781: gcc -c -g -O2 -Wall  conftest.c >&5
conftest.c: In function 'main':
conftest.c:27:3: error: expected expression before ';' token
   ;
   ^
conftest.c:23:6: warning: unused variable 'j' [-Wunused-variable]
  int j=
      ^
configure:3781: $? = 1
configure: failed program was:
| /* confdefs.h */
| #define PACKAGE_NAME ""
| #define PACKAGE_TARNAME ""
| #define PACKAGE_VERSION ""
| #define PACKAGE_STRING ""
| #define PACKAGE_BUGREPORT ""
| #define PACKAGE_URL ""
| #define STDC_HEADERS 1
| #define HAVE_SYS_TYPES_H 1
| #define HAVE_SYS_STAT_H 1
| #define HAVE_STDLIB_H 1
| #define HAVE_STRING_H 1
| #define HAVE_MEMORY_H 1
| #define HAVE_STRINGS_H 1
| #define HAVE_INTTYPES_H 1
| #define HAVE_STDINT_H 1
| #define HAVE_UNISTD_H 1
| /* end confdefs.h.  */
| #include <stdio.h>
| int
| main ()
| {
|  int j=
|                 #if __GNUC__ == 2 && __GNUC_MINOR__ == 96
|                 3;
|                 #endif
|   ;
|   return 0;
| }
configure:3799: gcc -c -g -O2 -Wall  conftest.c >&5
conftest.c: In function 'main':
conftest.c:27:3: error: expected expression before ';' token
   ;
   ^
conftest.c:23:5: warning: unused variable 'j' [-Wunused-variable]
 int j=
     ^
configure:3799: $? = 1
configure: failed program was:
| /* confdefs.h */
| #define PACKAGE_NAME ""
| #define PACKAGE_TARNAME ""
| #define PACKAGE_VERSION ""
| #define PACKAGE_STRING ""
| #define PACKAGE_BUGREPORT ""
| #define PACKAGE_URL ""
| #define STDC_HEADERS 1
| #define HAVE_SYS_TYPES_H 1
| #define HAVE_SYS_STAT_H 1
| #define HAVE_STDLIB_H 1
| #define HAVE_STRING_H 1
| #define HAVE_MEMORY_H 1
| #define HAVE_STRINGS_H 1
| #define HAVE_INTTYPES_H 1
| #define HAVE_STDINT_H 1
| #define HAVE_UNISTD_H 1
| /* end confdefs.h.  */
| #include <stdio.h>
| int
| main ()
| {
| int j=
|                 #if __GNUC__ == 2 && __GNUC_MINOR__ == 91
|                 3;
|                 #endif
|   ;
|   return 0;
| }
configure:3817: gcc -c -g -O2 -Wall  conftest.c >&5
conftest.c: In function 'main':
conftest.c:27:3: error: expected expression before ';' token
   ;
   ^
conftest.c:23:5: warning: unused variable 'j' [-Wunused-variable]
 int j=
     ^
configure:3817: $? = 1
configure: failed program was:
| /* confdefs.h */
| #define PACKAGE_NAME ""
| #define PACKAGE_TARNAME ""
| #define PACKAGE_VERSION ""
| #define PACKAGE_STRING ""
| #define PACKAGE_BUGREPORT ""
| #define PACKAGE_URL ""
| #define STDC_HEADERS 1
| #define HAVE_SYS_TYPES_H 1
| #define HAVE_SYS_STAT_H 1
| #define HAVE_STDLIB_H 1
| #define HAVE_STRING_H 1
| #define HAVE_MEMORY_H 1
| #define HAVE_STRINGS_H 1
| #define HAVE_INTTYPES_H 1
| #define HAVE_STDINT_H 1
| #define HAVE_UNISTD_H 1
| /* end confdefs.h.  */
| #include <stdio.h>
| int
| main ()
| {
| int j=
|                 #if __GNUC__ == 2 && __GNUC_MINOR__ == 8
|                 3;
|                 #endif
|   ;
|   return 0;
| }
configure:3838: gcc -c -g -O2 -Wall  conftest.c >&5
conftest.c:19:26: fatal error: alsa/version.h: No such file or directory
 #include <alsa/version.h>
                          ^
compilation terminated.
configure:3838: $? = 1
configure: failed program was:
| /* confdefs.h */
| #define PACKAGE_NAME ""
| #define PACKAGE_TARNAME ""
| #define PACKAGE_VERSION ""
| #define PACKAGE_STRING ""
| #define PACKAGE_BUGREPORT ""
| #define PACKAGE_URL ""
| #define STDC_HEADERS 1
| #define HAVE_SYS_TYPES_H 1
| #define HAVE_SYS_STAT_H 1
| #define HAVE_STDLIB_H 1
| #define HAVE_STRING_H 1
| #define HAVE_MEMORY_H 1
| #define HAVE_STRINGS_H 1
| #define HAVE_INTTYPES_H 1
| #define HAVE_STDINT_H 1
| #define HAVE_UNISTD_H 1
| /* end confdefs.h.  */
| #include <alsa/version.h>
| int
| main ()
| {
| int j=
|                 #if SND_LIB_SUBMINOR >= 11
|                 3;
|                 #endif
|   ;
|   return 0;
| }
configure:3997: creating ./config.status

## ---------------------- ##
## Running config.status. ##
## ---------------------- ##

This file was extended by config.status, which was
generated by GNU Autoconf 2.69.  Invocation command line was

  CONFIG_FILES    = 
  CONFIG_HEADERS  = 
  CONFIG_LINKS    = 
  CONFIG_COMMANDS = 
  $ ./config.status 

on CATcymru-2

config.status:740: creating config/config

## ---------------- ##
## Cache variables. ##
## ---------------- ##

ac_cv_build=i686-pc-cygwin
ac_cv_c_bigendian=no
ac_cv_c_compiler_gnu=yes
ac_cv_env_CC_set=
ac_cv_env_CC_value=
ac_cv_env_CFLAGS_set=
ac_cv_env_CFLAGS_value=
ac_cv_env_CPPFLAGS_set=
ac_cv_env_CPPFLAGS_value=
ac_cv_env_CPP_set=
ac_cv_env_CPP_value=
ac_cv_env_LDFLAGS_set=
ac_cv_env_LDFLAGS_value=
ac_cv_env_LIBS_set=
ac_cv_env_LIBS_value=
ac_cv_env_build_alias_set=
ac_cv_env_build_alias_value=
ac_cv_env_host_alias_set=
ac_cv_env_host_alias_value=
ac_cv_env_target_alias_set=
ac_cv_env_target_alias_value=
ac_cv_exeext=.exe
ac_cv_header_inttypes_h=yes
ac_cv_header_memory_h=yes
ac_cv_header_stdc=yes
ac_cv_header_stdint_h=yes
ac_cv_header_stdlib_h=yes
ac_cv_header_string_h=yes
ac_cv_header_strings_h=yes
ac_cv_header_sys_stat_h=yes
ac_cv_header_sys_types_h=yes
ac_cv_header_unistd_h=yes
ac_cv_host=i686-pc-cygwin
ac_cv_lib_ncurses_tputs=no
ac_cv_objext=o
ac_cv_path_EGREP='/usr/bin/grep -E'
ac_cv_path_GREP=/usr/bin/grep
ac_cv_prog_CPP='gcc -E'
ac_cv_prog_ac_ct_AR=ar
ac_cv_prog_ac_ct_CC=gcc
ac_cv_prog_ac_ct_RANLIB=ranlib
ac_cv_prog_cc_c89=
ac_cv_prog_cc_g=yes
ac_cv_target=i686-pc-cygwin

## ----------------- ##
## Output variables. ##
## ----------------- ##

AR='ar'
CC='gcc'
CFLAGS='-g -O2 -Wall'
COMPILERTYPE='gcc'
CPP='gcc -E'
CPPFLAGS=''
DEFS='-DPACKAGE_NAME=\"\" -DPACKAGE_TARNAME=\"\" -DPACKAGE_VERSION=\"\" -DPACKAGE_STRING=\"\" -DPACKAGE_BUGREPORT=\"\" -DPACKAGE_URL=\"\" -DSTDC_HEADERS=1 -DHAVE_SYS_TYPES_H=1 -DHAVE_SYS_STAT_H=1 -DHAVE_STDLIB_H=1 -DHAVE_STRING_H=1 -DHAVE_MEMORY_H=1 -DHAVE_STRINGS_H=1 -DHAVE_INTTYPES_H=1 -DHAVE_STDINT_H=1 -DHAVE_UNISTD_H=1'
ECHO_C=''
ECHO_N='-n'
ECHO_T=''
EGREP='/usr/bin/grep -E'
EXEEXT='.exe'
GREP='/usr/bin/grep'
LDFLAGS=''
LIBOBJS=''
LIBS=''
LINUXAUDIO='none'
LTLIBOBJS=''
OBJEXT='o'
PACKAGE_BUGREPORT=''
PACKAGE_NAME=''
PACKAGE_STRING=''
PACKAGE_TARNAME=''
PACKAGE_URL=''
PACKAGE_VERSION=''
PATH_SEPARATOR=':'
RANLIB='ranlib'
SHELL='/bin/sh'
TERMCAPLIB='-lcurses'
ac_ct_CC='gcc'
bindir='${exec_prefix}/bin'
build='i686-pc-cygwin'
build_alias=''
build_cpu='i686'
build_os='cygwin'
build_vendor='pc'
datadir='${datarootdir}'
datarootdir='${prefix}/share'
docdir='${datarootdir}/doc/${PACKAGE}'
dvidir='${docdir}'
exec_prefix='${prefix}'
host='i686-pc-cygwin'
host_alias=''
host_cpu='i686'
host_os='cygwin'
host_vendor='pc'
htmldir='${docdir}'
includedir='${prefix}/include'
infodir='${datarootdir}/info'
libdir='${exec_prefix}/lib'
libexecdir='${exec_prefix}/libexec'
localedir='${datarootdir}/locale'
localstatedir='${prefix}/var'
mandir='${datarootdir}/man'
oldincludedir='/usr/include'
pdfdir='${docdir}'
prefix='/usr/local'
program_transform_name='s,x,x,'
psdir='${docdir}'
sbindir='${exec_prefix}/sbin'
sharedstatedir='${prefix}/com'
sysconfdir='${prefix}/etc'
target='i686-pc-cygwin'
target_alias=''
target_cpu='i686'
target_os='cygwin'
target_vendor='pc'

## ----------- ##
## confdefs.h. ##
## ----------- ##

/* confdefs.h */
#define PACKAGE_NAME ""
#define PACKAGE_TARNAME ""
#define PACKAGE_VERSION ""
#define PACKAGE_STRING ""
#define PACKAGE_BUGREPORT ""
#define PACKAGE_URL ""
#define STDC_HEADERS 1
#define HAVE_SYS_TYPES_H 1
#define HAVE_SYS_STAT_H 1
#define HAVE_STDLIB_H 1
#define HAVE_STRING_H 1
#define HAVE_MEMORY_H 1
#define HAVE_STRINGS_H 1
#define HAVE_INTTYPES_H 1
#define HAVE_STDINT_H 1
#define HAVE_UNISTD_H 1

configure: exit 0
